<?xml version="1.0" encoding="UTF-8"?>
<!-- Generated by org.testng.reporters.JUnitReportReporter -->
<testsuite hostname="PC07VPNK" name="mavengitjenkins.Sample" tests="1" failures="0" timestamp="12 Dec 2017 11:39:11 GMT" time="0.010" errors="0">
  <testcase name="main" time="0.010" classname="mavengitjenkins.Sample"/>
</testsuite> <!-- mavengitjenkins.Sample -->
